<?xml version="1.0" encoding="UTF-8"?>
<testsuite name="labs.dx.playback.controller.UtteranceChunkerTest" tests="2" skipped="0" failures="0" errors="0" timestamp="2026-05-24T09:06:25.750Z" hostname="DoShares-MacBook-Air.local" time="0.134">
  <properties/>
  <testcase name="playbackController_updatesCurrentWord_fromRangeCallbacks" classname="labs.dx.playback.controller.UtteranceChunkerTest" time="0.13"/>
  <testcase name="buildChunk_keepsSentenceBoundaries_whenPossible" classname="labs.dx.playback.controller.UtteranceChunkerTest" time="0.004"/>
  <system-out><![CDATA[]]></system-out>
  <system-err><![CDATA[]]></system-err>
</testsuite>
